<?xml version="1.0" encoding="UTF-8"?>
<!-- Generated by org.testng.reporters.JUnitReportReporter -->
<testsuite hostname="DESKTOP-U8F94J3" failures="0" tests="6" name="com.fb.qa.testcases.LoginPageTest" time="45.406" errors="0" timestamp="2022-08-17T11:18:12 IST" skipped="0">
  <testcase classname="com.fb.qa.testcases.LoginPageTest" name="loginTest" time="9.245"/>
  <system-out/>
  <testcase classname="com.fb.qa.testcases.LoginPageTest" name="loginTest" time="8.025"/>
  <system-out/>
  <testcase classname="com.fb.qa.testcases.LoginPageTest" name="loginTest" time="7.930"/>
  <system-out/>
  <testcase classname="com.fb.qa.testcases.LoginPageTest" name="LoginPageTitle" time="5.893"/>
  <system-out/>
  <testcase classname="com.fb.qa.testcases.LoginPageTest" name="fbLogoImageTest" time="7.692"/>
  <system-out/>
  <testcase classname="com.fb.qa.testcases.LoginPageTest" name="loginTest" time="6.621"/>
  <system-out/>
</testsuite> <!-- com.fb.qa.testcases.LoginPageTest -->
