<?xml version="1.0" encoding="UTF-8"?>
<!-- Generated by org.testng.reporters.JUnitReportReporter -->
<testsuite hostname="DESKTOP-U8F94J3" failures="0" tests="2" name="com.fb.qa.testcases.ProfilePageTest" time="15.939" errors="0" timestamp="2022-08-17T09:41:13 IST" skipped="0">
  <testcase classname="com.fb.qa.testcases.ProfilePageTest" name="verifyHomePageTitleTest" time="7.562"/>
  <system-out/>
  <testcase classname="com.fb.qa.testcases.ProfilePageTest" name="verifyProfilePageTest" time="8.377"/>
  <system-out/>
</testsuite> <!-- com.fb.qa.testcases.ProfilePageTest -->
